c:\users\490731\onedrive\simulationloop_2017-18\simulationloop_2017-18\simulationloop\debug\vc141.pdb
c:\users\490731\onedrive\simulationloop_2017-18\simulationloop_2017-18\simulationloop\debug\vc141.idb
c:\users\490731\onedrive\simulationloop_2017-18\simulationloop_2017-18\simulationloop\debug\contactmanifold.obj
c:\users\490731\onedrive\simulationloop_2017-18\simulationloop_2017-18\simulationloop\debug\game.obj
c:\users\490731\onedrive\simulationloop_2017-18\simulationloop_2017-18\simulationloop\debug\plane.obj
c:\users\490731\onedrive\simulationloop_2017-18\simulationloop_2017-18\simulationloop\debug\sphere.obj
c:\users\490731\onedrive\simulationloop_2017-18\simulationloop_2017-18\simulationloop\debug\textureloader.obj
c:\users\490731\onedrive\simulationloop_2017-18\simulationloop_2017-18\simulationloop\debug\vector2f.obj
c:\users\490731\onedrive\simulationloop_2017-18\simulationloop_2017-18\simulationloop\debug\vector3f.obj
c:\users\490731\onedrive\simulationloop_2017-18\simulationloop_2017-18\simulationloop\debug\main.obj
c:\users\490731\onedrive\simulationloop_2017-18\simulationloop_2017-18\debug\simulationloop.exe
c:\users\490731\onedrive\simulationloop_2017-18\simulationloop_2017-18\debug\simulationloop.ilk
c:\users\490731\onedrive\simulationloop_2017-18\simulationloop_2017-18\debug\simulationloop.pdb
c:\users\andrew hemming\onedrive\simulationloop_2017-18\simulationloop_2017-18\simulationloop\debug\contactmanifold.obj
c:\users\andrew hemming\onedrive\simulationloop_2017-18\simulationloop_2017-18\simulationloop\debug\game-andrew-laptop.obj
c:\users\andrew hemming\onedrive\simulationloop_2017-18\simulationloop_2017-18\simulationloop\debug\game.obj
c:\users\andrew hemming\onedrive\simulationloop_2017-18\simulationloop_2017-18\simulationloop\debug\glad.obj
c:\users\andrew hemming\onedrive\simulationloop_2017-18\simulationloop_2017-18\simulationloop\debug\main.obj
c:\users\andrew hemming\onedrive\simulationloop_2017-18\simulationloop_2017-18\simulationloop\debug\plane.obj
c:\users\andrew hemming\onedrive\simulationloop_2017-18\simulationloop_2017-18\simulationloop\debug\sphere-andrew-laptop.obj
c:\users\andrew hemming\onedrive\simulationloop_2017-18\simulationloop_2017-18\simulationloop\debug\sphere.obj
c:\users\andrew hemming\onedrive\simulationloop_2017-18\simulationloop_2017-18\simulationloop\debug\textureloader.obj
c:\users\andrew hemming\onedrive\simulationloop_2017-18\simulationloop_2017-18\simulationloop\debug\vector2f.obj
c:\users\andrew hemming\onedrive\simulationloop_2017-18\simulationloop_2017-18\simulationloop\debug\vector3f.obj
c:\users\andrew hemming\onedrive\simulationloop_2017-18\simulationloop_2017-18\simulationloop\debug\vc141-andrew-laptop.idb
c:\users\andrew hemming\onedrive\simulationloop_2017-18\simulationloop_2017-18\simulationloop\debug\vc141.idb
c:\users\andrew hemming\onedrive\simulationloop_2017-18\simulationloop_2017-18\simulationloop\debug\vc141-andrew-laptop.pdb
c:\users\andrew hemming\onedrive\simulationloop_2017-18\simulationloop_2017-18\simulationloop\debug\vc141.pdb
c:\users\andrew hemming\onedrive\simulationloop_2017-18\simulationloop_2017-18\debug\simulationloop.pdb
c:\users\andrew hemming\onedrive\simulationloop_2017-18\simulationloop_2017-18\debug\simulationloop.exe
c:\users\andrew hemming\onedrive\simulationloop_2017-18\simulationloop_2017-18\debug\simulationloop.ilk
c:\users\andrew hemming\onedrive\simulationloop_2017-18\simulationloop_2017-18\simulationloop\debug\simulationloop.tlog\cl.command.1.tlog
c:\users\andrew hemming\onedrive\simulationloop_2017-18\simulationloop_2017-18\simulationloop\debug\simulationloop.tlog\cl.read.1-andrew-laptop.tlog
c:\users\andrew hemming\onedrive\simulationloop_2017-18\simulationloop_2017-18\simulationloop\debug\simulationloop.tlog\cl.write.1.tlog
c:\users\andrew hemming\onedrive\simulationloop_2017-18\simulationloop_2017-18\simulationloop\debug\simulationloop.tlog\link.command.1.tlog
c:\users\andrew hemming\onedrive\simulationloop_2017-18\simulationloop_2017-18\simulationloop\debug\simulationloop.tlog\link.read.1.tlog
c:\users\andrew hemming\onedrive\simulationloop_2017-18\simulationloop_2017-18\simulationloop\debug\simulationloop.tlog\link.write.1.tlog
